Build started 15.02.2018 11:17:31.
     1>Project "C:\Users\EVST2208\Desktop\PiqlLib\trunk\boxinglib\unboxingdata\thirdparty\bch\bch_test.vcxproj" on node 2 (Build target(s)).
     1>CustomBuild:
         Generate moc_predefs.h
     1>C:\Program Files (x86)\MSBuild\Microsoft.Cpp\v4.0\V120\Microsoft.CppCommon.targets(170,5): error MSB6006: "cmd.exe" exited with code 2.
     1>Done Building Project "C:\Users\EVST2208\Desktop\PiqlLib\trunk\boxinglib\unboxingdata\thirdparty\bch\bch_test.vcxproj" (Build target(s)) -- FAILED.

Build FAILED.

Time Elapsed 00:00:01.12
